Traceback (most recent call last):
  File "/usr/local/lib/python3.10/dist-packages/jupyter_cache/executors/utils.py", line 58, in single_nb_execution
    executenb(
  File "/usr/local/lib/python3.10/dist-packages/nbclient/client.py", line 1305, in execute
    return NotebookClient(nb=nb, resources=resources, km=km, **kwargs).execute()
  File "/usr/local/lib/python3.10/dist-packages/jupyter_core/utils/__init__.py", line 166, in wrapped
    return loop.run_until_complete(inner)
  File "/usr/lib/python3.10/asyncio/base_events.py", line 649, in run_until_complete
    return future.result()
  File "/usr/local/lib/python3.10/dist-packages/nbclient/client.py", line 705, in async_execute
    await self.async_execute_cell(
  File "/usr/local/lib/python3.10/dist-packages/nbclient/client.py", line 1058, in async_execute_cell
    await self._check_raise_for_error(cell, cell_index, exec_reply)
  File "/usr/local/lib/python3.10/dist-packages/nbclient/client.py", line 914, in _check_raise_for_error
    raise CellExecutionError.from_cell_and_msg(cell, exec_reply_content)
nbclient.exceptions.CellExecutionError: An error occurred while executing the following cell:
------------------
import pandas as pd
# load time series dataset
series = pd.read_csv('tugas/AirPassengers.csv', header=0, index_col=0)
series
------------------


[0;31m[0m
[0;31mKeyboardInterrupt[0mTraceback (most recent call last)
[0;32m<ipython-input-1-4700374fa8a7>[0m in [0;36m<cell line: 1>[0;34m()[0m
[0;32m----> 1[0;31m [0;32mimport[0m [0mpandas[0m [0;32mas[0m [0mpd[0m[0;34m[0m[0;34m[0m[0m
[0m[1;32m      2[0m [0;31m# load time series dataset[0m[0;34m[0m[0;34m[0m[0m
[1;32m      3[0m [0mseries[0m [0;34m=[0m [0mpd[0m[0;34m.[0m[0mread_csv[0m[0;34m([0m[0;34m'tugas/AirPassengers.csv'[0m[0;34m,[0m [0mheader[0m[0;34m=[0m[0;36m0[0m[0;34m,[0m [0mindex_col[0m[0;34m=[0m[0;36m0[0m[0;34m)[0m[0;34m[0m[0;34m[0m[0m
[1;32m      4[0m [0mseries[0m[0;34m[0m[0;34m[0m[0m

[0;32m/usr/local/lib/python3.10/dist-packages/pandas/__init__.py[0m in [0;36m<module>[0;34m[0m
[1;32m     20[0m [0;34m[0m[0m
[1;32m     21[0m [0;31m# numpy compat[0m[0;34m[0m[0;34m[0m[0m
[0;32m---> 22[0;31m [0;32mfrom[0m [0mpandas[0m[0;34m.[0m[0mcompat[0m [0;32mimport[0m [0mis_numpy_dev[0m [0;32mas[0m [0m_is_numpy_dev[0m  [0;31m# pyright: ignore # noqa:F401[0m[0;34m[0m[0;34m[0m[0m
[0m[1;32m     23[0m [0;34m[0m[0m
[1;32m     24[0m [0;32mtry[0m[0;34m:[0m[0;34m[0m[0;34m[0m[0m

[0;32m/usr/local/lib/python3.10/dist-packages/pandas/compat/__init__.py[0m in [0;36m<module>[0;34m[0m
[1;32m     20[0m     [0mnp_version_under1p21[0m[0;34m,[0m[0;34m[0m[0;34m[0m[0m
[1;32m     21[0m )
[0;32m---> 22[0;31m from pandas.compat.pyarrow import (
[0m[1;32m     23[0m     [0mpa_version_under1p01[0m[0;34m,[0m[0;34m[0m[0;34m[0m[0m
[1;32m     24[0m     [0mpa_version_under2p0[0m[0;34m,[0m[0;34m[0m[0;34m[0m[0m

[0;32m/usr/local/lib/python3.10/dist-packages/pandas/compat/pyarrow.py[0m in [0;36m<module>[0;34m[0m
[1;32m      6[0m [0;34m[0m[0m
[1;32m      7[0m [0;32mtry[0m[0;34m:[0m[0;34m[0m[0;34m[0m[0m
[0;32m----> 8[0;31m     [0;32mimport[0m [0mpyarrow[0m [0;32mas[0m [0mpa[0m[0;34m[0m[0;34m[0m[0m
[0m[1;32m      9[0m [0;34m[0m[0m
[1;32m     10[0m     [0m_pa_version[0m [0;34m=[0m [0mpa[0m[0;34m.[0m[0m__version__[0m[0;34m[0m[0;34m[0m[0m

[0;32m/usr/local/lib/python3.10/dist-packages/pyarrow/__init__.py[0m in [0;36m<module>[0;34m[0m
[1;32m    274[0m                          DeserializationCallbackError)
[1;32m    275[0m [0;34m[0m[0m
[0;32m--> 276[0;31m [0;32mimport[0m [0mpyarrow[0m[0;34m.[0m[0mhdfs[0m [0;32mas[0m [0mhdfs[0m[0;34m[0m[0;34m[0m[0m
[0m[1;32m    277[0m [0;34m[0m[0m
[1;32m    278[0m [0;32mfrom[0m [0mpyarrow[0m[0;34m.[0m[0mipc[0m [0;32mimport[0m [0mserialize_pandas[0m[0;34m,[0m [0mdeserialize_pandas[0m[0;34m[0m[0;34m[0m[0m

[0;32m/usr/local/lib/python3.10/dist-packages/pyarrow/hdfs.py[0m in [0;36m<module>[0;34m[0m
[1;32m     23[0m [0;34m[0m[0m
[1;32m     24[0m [0;32mfrom[0m [0mpyarrow[0m[0;34m.[0m[0mutil[0m [0;32mimport[0m [0mimplements[0m[0;34m,[0m [0m_DEPR_MSG[0m[0;34m[0m[0;34m[0m[0m
[0;32m---> 25[0;31m [0;32mfrom[0m [0mpyarrow[0m[0;34m.[0m[0mfilesystem[0m [0;32mimport[0m [0mFileSystem[0m[0;34m[0m[0;34m[0m[0m
[0m[1;32m     26[0m [0;32mimport[0m [0mpyarrow[0m[0;34m.[0m[0m_hdfsio[0m [0;32mas[0m [0m_hdfsio[0m[0;34m[0m[0;34m[0m[0m
[1;32m     27[0m [0;34m[0m[0m

[0;32m/usr/local/lib/python3.10/dist-packages/pyarrow/filesystem.py[0m in [0;36m<module>[0;34m[0m
[1;32m     25[0m [0;32mfrom[0m [0mos[0m[0;34m.[0m[0mpath[0m [0;32mimport[0m [0mjoin[0m [0;32mas[0m [0mpjoin[0m[0;34m[0m[0;34m[0m[0m
[1;32m     26[0m [0;34m[0m[0m
[0;32m---> 27[0;31m [0;32mimport[0m [0mpyarrow[0m [0;32mas[0m [0mpa[0m[0;34m[0m[0;34m[0m[0m
[0m[1;32m     28[0m [0;32mfrom[0m [0mpyarrow[0m[0;34m.[0m[0mutil[0m [0;32mimport[0m [0mimplements[0m[0;34m,[0m [0m_stringify_path[0m[0;34m,[0m [0m_is_path_like[0m[0;34m,[0m [0m_DEPR_MSG[0m[0;34m[0m[0;34m[0m[0m
[1;32m     29[0m [0;34m[0m[0m

[0;32m/usr/lib/python3.10/importlib/_bootstrap.py[0m in [0;36m_lock_unlock_module[0;34m(name)[0m

[0;31mKeyboardInterrupt[0m: 

