Traceback (most recent call last):
  File "/usr/local/lib/python3.10/dist-packages/jupyter_cache/executors/utils.py", line 58, in single_nb_execution
    executenb(
  File "/usr/local/lib/python3.10/dist-packages/nbclient/client.py", line 1305, in execute
    return NotebookClient(nb=nb, resources=resources, km=km, **kwargs).execute()
  File "/usr/local/lib/python3.10/dist-packages/jupyter_core/utils/__init__.py", line 166, in wrapped
    return loop.run_until_complete(inner)
  File "/usr/lib/python3.10/asyncio/base_events.py", line 649, in run_until_complete
    return future.result()
  File "/usr/local/lib/python3.10/dist-packages/nbclient/client.py", line 705, in async_execute
    await self.async_execute_cell(
  File "/usr/local/lib/python3.10/dist-packages/nbclient/client.py", line 1058, in async_execute_cell
    await self._check_raise_for_error(cell, cell_index, exec_reply)
  File "/usr/local/lib/python3.10/dist-packages/nbclient/client.py", line 914, in _check_raise_for_error
    raise CellExecutionError.from_cell_and_msg(cell, exec_reply_content)
nbclient.exceptions.CellExecutionError: An error occurred while executing the following cell:
------------------
from sklearn.naive_bayes import GaussianNB
from sklearn.metrics import mean_absolute_error

model_nb = GaussianNB()
model_nb.fit(X_train, y_train)
y_pred_nb = model_nb.predict(X_test)

mae_nb = mean_absolute_error(y_test, y_pred)
print('MAE (Naive Bayes):', mae_nb)
------------------


[0;31m[0m
[0;31mValueError[0mTraceback (most recent call last)
[0;32m<ipython-input-17-b8a79458be54>[0m in [0;36m<cell line: 5>[0;34m()[0m
[1;32m      3[0m [0;34m[0m[0m
[1;32m      4[0m [0mmodel_nb[0m [0;34m=[0m [0mGaussianNB[0m[0;34m([0m[0;34m)[0m[0;34m[0m[0;34m[0m[0m
[0;32m----> 5[0;31m [0mmodel_nb[0m[0;34m.[0m[0mfit[0m[0;34m([0m[0mX_train[0m[0;34m,[0m [0my_train[0m[0;34m)[0m[0;34m[0m[0;34m[0m[0m
[0m[1;32m      6[0m [0my_pred_nb[0m [0;34m=[0m [0mmodel_nb[0m[0;34m.[0m[0mpredict[0m[0;34m([0m[0mX_test[0m[0;34m)[0m[0;34m[0m[0;34m[0m[0m
[1;32m      7[0m [0;34m[0m[0m

[0;32m/usr/local/lib/python3.10/dist-packages/sklearn/naive_bayes.py[0m in [0;36mfit[0;34m(self, X, y, sample_weight)[0m
[1;32m    265[0m         [0mself[0m[0;34m.[0m[0m_validate_params[0m[0;34m([0m[0;34m)[0m[0;34m[0m[0;34m[0m[0m
[1;32m    266[0m         [0my[0m [0;34m=[0m [0mself[0m[0;34m.[0m[0m_validate_data[0m[0;34m([0m[0my[0m[0;34m=[0m[0my[0m[0;34m)[0m[0;34m[0m[0;34m[0m[0m
[0;32m--> 267[0;31m         return self._partial_fit(
[0m[1;32m    268[0m             [0mX[0m[0;34m,[0m [0my[0m[0;34m,[0m [0mnp[0m[0;34m.[0m[0munique[0m[0;34m([0m[0my[0m[0;34m)[0m[0;34m,[0m [0m_refit[0m[0;34m=[0m[0;32mTrue[0m[0;34m,[0m [0msample_weight[0m[0;34m=[0m[0msample_weight[0m[0;34m[0m[0;34m[0m[0m
[1;32m    269[0m         )

[0;32m/usr/local/lib/python3.10/dist-packages/sklearn/naive_bayes.py[0m in [0;36m_partial_fit[0;34m(self, X, y, classes, _refit, sample_weight)[0m
[1;32m    425[0m             [0mself[0m[0;34m.[0m[0mclasses_[0m [0;34m=[0m [0;32mNone[0m[0;34m[0m[0;34m[0m[0m
[1;32m    426[0m [0;34m[0m[0m
[0;32m--> 427[0;31m         [0mfirst_call[0m [0;34m=[0m [0m_check_partial_fit_first_call[0m[0;34m([0m[0mself[0m[0;34m,[0m [0mclasses[0m[0;34m)[0m[0;34m[0m[0;34m[0m[0m
[0m[1;32m    428[0m         [0mX[0m[0;34m,[0m [0my[0m [0;34m=[0m [0mself[0m[0;34m.[0m[0m_validate_data[0m[0;34m([0m[0mX[0m[0;34m,[0m [0my[0m[0;34m,[0m [0mreset[0m[0;34m=[0m[0mfirst_call[0m[0;34m)[0m[0;34m[0m[0;34m[0m[0m
[1;32m    429[0m         [0;32mif[0m [0msample_weight[0m [0;32mis[0m [0;32mnot[0m [0;32mNone[0m[0;34m:[0m[0;34m[0m[0;34m[0m[0m

[0;32m/usr/local/lib/python3.10/dist-packages/sklearn/utils/multiclass.py[0m in [0;36m_check_partial_fit_first_call[0;34m(clf, classes)[0m
[1;32m    418[0m         [0;32melse[0m[0;34m:[0m[0;34m[0m[0;34m[0m[0m
[1;32m    419[0m             [0;31m# This is the first call to partial_fit[0m[0;34m[0m[0;34m[0m[0m
[0;32m--> 420[0;31m             [0mclf[0m[0;34m.[0m[0mclasses_[0m [0;34m=[0m [0munique_labels[0m[0;34m([0m[0mclasses[0m[0;34m)[0m[0;34m[0m[0;34m[0m[0m
[0m[1;32m    421[0m             [0;32mreturn[0m [0;32mTrue[0m[0;34m[0m[0;34m[0m[0m
[1;32m    422[0m [0;34m[0m[0m

[0;32m/usr/local/lib/python3.10/dist-packages/sklearn/utils/multiclass.py[0m in [0;36munique_labels[0;34m(*ys)[0m
[1;32m    105[0m     [0m_unique_labels[0m [0;34m=[0m [0m_FN_UNIQUE_LABELS[0m[0;34m.[0m[0mget[0m[0;34m([0m[0mlabel_type[0m[0;34m,[0m [0;32mNone[0m[0;34m)[0m[0;34m[0m[0;34m[0m[0m
[1;32m    106[0m     [0;32mif[0m [0;32mnot[0m [0m_unique_labels[0m[0;34m:[0m[0;34m[0m[0;34m[0m[0m
[0;32m--> 107[0;31m         [0;32mraise[0m [0mValueError[0m[0;34m([0m[0;34m"Unknown label type: %s"[0m [0;34m%[0m [0mrepr[0m[0;34m([0m[0mys[0m[0;34m)[0m[0;34m)[0m[0;34m[0m[0;34m[0m[0m
[0m[1;32m    108[0m [0;34m[0m[0m
[1;32m    109[0m     [0;32mif[0m [0mis_array_api[0m[0;34m:[0m[0;34m[0m[0;34m[0m[0m

[0;31mValueError[0m: Unknown label type: (array([ 66.66999817,  68.38999939,  68.97000122,  69.83999634,
        70.87000275,  71.87000275,  72.26000214,  73.69999695,
        73.75      ,  76.5       ,  76.93000031,  77.15000153,
        77.56999969,  77.75      ,  77.87000275,  78.47000122,
        78.55000305,  79.59999847,  79.63999939,  80.40000153,
        80.62999725,  81.06999969,  81.38999939,  81.56999969,
        82.02999878,  82.79000092,  82.98000336,  83.54000092,
        83.66999817,  84.31999969,  84.47000122,  84.62999725,
        84.98999786,  85.09999847,  85.29000092,  85.87999725,
        86.41000366,  86.66000366,  86.76999664,  86.90000153,
        88.11000061,  88.83000183,  89.31999969,  89.80000305,
        89.98999786,  90.23000336,  91.31999969,  91.61000061,
        91.81999969,  92.79000092,  94.34999847,  94.88999939,
        94.97000122,  95.65000153,  96.05999756,  96.30000305,
        96.33999634,  96.41999817,  96.66000366,  96.69999695,
        96.76999664,  97.        ,  97.04000092,  97.38999939,
        98.        ,  99.18000031, 100.05000305, 101.79000092,
       103.98000336, 104.68000031, 105.98000336, 106.36000061,
       107.25      , 117.29000092, 117.30999756, 117.91000366,
       120.75      , 122.41999817, 122.45999908, 123.56999969,
       124.02999878, 128.52000427, 130.41999817, 132.32000732]),)

